<?xml version="1.0" encoding="UTF-8"?>
<!-- Generated by org.testng.reporters.JUnitReportReporter -->
<testsuite skipped="0" hostname="LAPTOP-B3ITVU90" name="createUSer.CreateUserDataTest" tests="2" failures="0" timestamp="15 Mar 2021 05:03:10 GMT" time="0.024" errors="0">
  <testcase name="createUser" time="0.024" classname="createUSer.CreateUserDataTest"/>
  <testcase name="createUserWithMobileNo" time="0.000" classname="createUSer.CreateUserDataTest"/>
</testsuite> <!-- createUSer.CreateUserDataTest -->
